<?xml version="1.0" encoding="UTF-8"?>
<testng-results ignored="0" total="1" passed="1" failed="0" skipped="0">
  <reporter-output>
  </reporter-output>
  <suite started-at="2022-11-30T07:10:55 IST" name="Regression Suite" finished-at="2022-11-30T07:11:09 IST" duration-ms="14103">
    <groups>
    </groups>
    <test started-at="2022-11-30T07:10:55 IST" name="Regression Test" finished-at="2022-11-30T07:11:09 IST" duration-ms="14103">
      <class name="ai.ds.testLayer.LoginPageTest">
        <test-method is-config="true" signature="start()[pri:0, instance:ai.ds.testLayer.LoginPageTest@595b007d]" started-at="2022-11-30T07:10:55 IST" name="start" finished-at="2022-11-30T07:10:55 IST" duration-ms="146" status="PASS">
          <reporter-output>
          </reporter-output>
        </test-method> <!-- start -->
        <test-method is-config="true" signature="setup(java.lang.String)[pri:0, instance:ai.ds.testLayer.LoginPageTest@595b007d]" started-at="2022-11-30T07:10:55 IST" name="setup" finished-at="2022-11-30T07:11:06 IST" duration-ms="10864" status="PASS">
          <params>
            <param index="0">
              <value>
                <![CDATA[chrome]]>
              </value>
            </param>
          </params>
          <reporter-output>
          </reporter-output>
        </test-method> <!-- setup -->
        <test-method signature="verifyLoginTest()[pri:0, instance:ai.ds.testLayer.LoginPageTest@595b007d]" started-at="2022-11-30T07:11:06 IST" name="verifyLoginTest" finished-at="2022-11-30T07:11:09 IST" duration-ms="3045" status="PASS">
          <reporter-output>
          </reporter-output>
        </test-method> <!-- verifyLoginTest -->
        <test-method is-config="true" signature="tearDown()[pri:0, instance:ai.ds.testLayer.LoginPageTest@595b007d]" started-at="2022-11-30T07:11:09 IST" name="tearDown" finished-at="2022-11-30T07:11:09 IST" duration-ms="0" status="PASS">
          <reporter-output>
          </reporter-output>
        </test-method> <!-- tearDown -->
        <test-method is-config="true" signature="end()[pri:0, instance:ai.ds.testLayer.LoginPageTest@595b007d]" started-at="2022-11-30T07:11:09 IST" name="end" finished-at="2022-11-30T07:11:09 IST" duration-ms="1" status="PASS">
          <reporter-output>
          </reporter-output>
        </test-method> <!-- end -->
      </class> <!-- ai.ds.testLayer.LoginPageTest -->
    </test> <!-- Regression Test -->
  </suite> <!-- Regression Suite -->
</testng-results>
